<?xml version="1.0" encoding="UTF-8"?>
<!-- Generated by org.testng.reporters.JUnitXMLReporter -->
<testsuite ignored="0" hostname="Tri-kokne58" failures="1" tests="1" name="EdgeTest" time="0.864" errors="0" timestamp="2022-11-28T17:22:30 IST">
  <testcase classname="Multibrowser_Testing.exa1_multibrowser_testing" name="TC1" time="0.607">
    <failure type="java.lang.IllegalStateException" message="The driver executable must exist: C:\Users\trimurti\Selenium\Webdriver\EdgedriverV107\edgedriver_win64\msedgedriver.exe&amp;quot;&amp;quot;C:\Users\trimurti\Selenium\Webdriver\EdgedriverV107\edgedriver_win64\msedgedriver.exe">
      <![CDATA[java.lang.IllegalStateException: The driver executable must exist: C:\Users\trimurti\Selenium\Webdriver\EdgedriverV107\edgedriver_win64\msedgedriver.exe""C:\Users\trimurti\Selenium\Webdriver\EdgedriverV107\edgedriver_win64\msedgedriver.exe
at org.openqa.selenium.internal.Require$FileStateChecker.isFile(Require.java:342)
at org.openqa.selenium.remote.service.DriverService.checkExecutable(DriverService.java:147)
at org.openqa.selenium.remote.service.DriverService.findExecutable(DriverService.java:142)
at org.openqa.selenium.edge.EdgeDriverService.access$000(EdgeDriverService.java:40)
at org.openqa.selenium.edge.EdgeDriverService$Builder.findDefaultExecutable(EdgeDriverService.java:176)
at org.openqa.selenium.remote.service.DriverService$Builder.build(DriverService.java:437)
at org.openqa.selenium.edge.EdgeDriver.<init>(EdgeDriver.java:46)
at org.openqa.selenium.edge.EdgeDriver.<init>(EdgeDriver.java:42)
at Multibrowser_Testing.exa1_multibrowser_testing.TC1(exa1_multibrowser_testing.java:27)
at java.base/java.util.ArrayList.forEach(ArrayList.java:1511)
at java.base/java.util.concurrent.FutureTask.run(FutureTask.java:264)
at java.base/java.util.concurrent.ThreadPoolExecutor.runWorker(ThreadPoolExecutor.java:1136)
at java.base/java.util.concurrent.ThreadPoolExecutor$Worker.run(ThreadPoolExecutor.java:635)
at java.base/java.lang.Thread.run(Thread.java:833)
... Removed 16 stack frames]]>
    </failure>
  </testcase> <!-- TC1 -->
</testsuite> <!-- EdgeTest -->
